{"/Users/justgoscha/dev/blank-page/src/Blank.ts": {"path":"/Users/justgoscha/dev/blank-page/src/Blank.ts","statementMap":{"0":{"start":{"line":1,"column":0},"end":{"line":1,"column":-1}},"1":{"start":{"line":2,"column":0},"end":{"line":2,"column":-1}},"2":{"start":{"line":3,"column":0},"end":{"line":3,"column":-1}},"3":{"start":{"line":5,"column":11},"end":{"line":5,"column":0}},"4":{"start":{"line":6,"column":19},"end":{"line":6,"column":0}},"5":{"start":{"line":7,"column":2},"end":{"line":null,"column":-1}},"6":{"start":{"line":12,"column":0},"end":{"line":12,"column":-1}},"7":{"start":{"line":13,"column":22},"end":{"line":null,"column":-1}},"8":{"start":{"line":14,"column":4},"end":{"line":null,"column":-1}},"9":{"start":{"line":15,"column":4},"end":{"line":null,"column":-1}},"10":{"start":{"line":16,"column":4},"end":{"line":null,"column":-1}},"11":{"start":{"line":20,"column":8},"end":{"line":null,"column":-1}},"12":{"start":{"line":21,"column":8},"end":{"line":null,"column":-1}},"13":{"start":{"line":22,"column":8},"end":{"line":null,"column":-1}},"14":{"start":{"line":27,"column":4},"end":{"line":null,"column":-1}},"15":{"start":{"line":30,"column":2},"end":{"line":null,"column":-1}},"16":{"start":{"line":31,"column":16},"end":{"line":31,"column":4}},"17":{"start":{"line":32,"column":6},"end":{"line":null,"column":-1}},"18":{"start":{"line":34,"column":4},"end":{"line":42,"column":5}},"19":{"start":{"line":36,"column":6},"end":{"line":null,"column":-1}},"20":{"start":{"line":38,"column":6},"end":{"line":null,"column":-1}},"21":{"start":{"line":39,"column":8},"end":{"line":null,"column":-1}},"22":{"start":{"line":40,"column":8},"end":{"line":null,"column":-1}},"23":{"start":{"line":44,"column":0},"end":{"line":null,"column":-1}},"24":{"start":{"line":12,"column":13},"end":{"line":null,"column":-1}},"25":{"start":{"line":45,"column":2},"end":{"line":null,"column":-1}}},"fnMap":{"0":{"name":"(anonymous_0)","decl":{"start":{"line":6,"column":19},"end":{"line":6,"column":18}},"loc":{"start":{"line":6,"column":19},"end":{"line":6,"column":0}}},"1":{"name":"(anonymous_1)","decl":{"start":{"line":12,"column":0},"end":{"line":12,"column":-1}},"loc":{"start":{"line":12,"column":0},"end":{"line":12,"column":-1}}},"2":{"name":"Blank","decl":{"start":{"line":13,"column":2},"end":{"line":13,"column":1}},"loc":{"start":{"line":13,"column":34},"end":{"line":28,"column":3}}},"3":{"name":"(anonymous_3)","decl":{"start":{"line":18,"column":6},"end":{"line":18,"column":5}},"loc":{"start":{"line":18,"column":10},"end":{"line":16,"column":4}}},"4":{"name":"(anonymous_4)","decl":{"start":{"line":30,"column":2},"end":{"line":30,"column":1}},"loc":{"start":{"line":30,"column":2},"end":{"line":30,"column":1}}},"5":{"name":"(anonymous_5)","decl":{"start":{"line":31,"column":16},"end":{"line":31,"column":15}},"loc":{"start":{"line":31,"column":16},"end":{"line":31,"column":4}}},"6":{"name":"(anonymous_6)","decl":{"start":{"line":38,"column":21},"end":{"line":38,"column":20}},"loc":{"start":{"line":38,"column":21},"end":{"line":38,"column":6}}}},"branchMap":{"0":{"loc":{"start":{"line":34,"column":4},"end":{"line":42,"column":5}},"type":"if","locations":[{"start":{"line":34,"column":4},"end":{"line":42,"column":5}},{"start":{"line":34,"column":4},"end":{"line":42,"column":5}}]}},"s":{"0":0,"1":0,"2":0,"3":0,"4":0,"5":0,"6":0,"7":0,"8":0,"9":0,"10":0,"11":0,"12":0,"13":0,"14":0,"15":0,"16":0,"17":0,"18":0,"19":0,"20":0,"21":0,"22":0,"23":0,"24":0,"25":0},"f":{"0":0,"1":0,"2":0,"3":0,"4":0,"5":0,"6":0},"b":{"0":[0,0]}}
,"/Users/justgoscha/dev/blank-page/src/ajax.ts": {"path":"/Users/justgoscha/dev/blank-page/src/ajax.ts","statementMap":{"0":{"start":{"line":10,"column":2},"end":{"line":23,"column":3}},"1":{"start":{"line":11,"column":4},"end":{"line":null,"column":-1}},"2":{"start":{"line":14,"column":4},"end":{"line":null,"column":-1}},"3":{"start":{"line":15,"column":4},"end":{"line":null,"column":-1}},"4":{"start":{"line":16,"column":4},"end":{"line":null,"column":-1}},"5":{"start":{"line":17,"column":4},"end":{"line":null,"column":-1}},"6":{"start":{"line":18,"column":6},"end":{"line":null,"column":-1}},"7":{"start":{"line":20,"column":4},"end":{"line":null,"column":-1}},"8":{"start":{"line":22,"column":4},"end":{"line":null,"column":-1}},"9":{"start":{"line":26,"column":0},"end":{"line":null,"column":-1}}},"fnMap":{"0":{"name":"ajax","decl":{"start":{"line":9,"column":9},"end":{"line":9,"column":0}},"loc":{"start":{"line":9,"column":36},"end":{"line":24,"column":1}}},"1":{"name":"(anonymous_1)","decl":{"start":{"line":17,"column":27},"end":{"line":17,"column":26}},"loc":{"start":{"line":17,"column":27},"end":{"line":17,"column":4}}}},"branchMap":{"0":{"loc":{"start":{"line":11,"column":14},"end":{"line":11,"column":13}},"type":"binary-expr","locations":[{"start":{"line":11,"column":14},"end":{"line":11,"column":13}},{"start":{"line":11,"column":48},"end":{"line":11,"column":8}}]},"1":{"loc":{"start":{"line":14,"column":18},"end":{"line":14,"column":11}},"type":"cond-expr","locations":[{"start":{"line":14,"column":18},"end":{"line":14,"column":11}},{"start":{"line":14,"column":27},"end":{"line":14,"column":4}}]},"2":{"loc":{"start":{"line":18,"column":6},"end":{"line":18,"column":5}},"type":"binary-expr","locations":[{"start":{"line":18,"column":6},"end":{"line":18,"column":5}},{"start":{"line":18,"column":26},"end":{"line":18,"column":6}},{"start":{"line":18,"column":38},"end":{"line":18,"column":6}}]},"3":{"loc":{"start":{"line":22,"column":4},"end":{"line":22,"column":3}},"type":"binary-expr","locations":[{"start":{"line":22,"column":4},"end":{"line":22,"column":3}},{"start":{"line":22,"column":22},"end":{"line":22,"column":4}}]}},"s":{"0":0,"1":0,"2":0,"3":0,"4":0,"5":0,"6":0,"7":0,"8":0,"9":0},"f":{"0":0,"1":0},"b":{"0":[0,0],"1":[0,0],"2":[0,0,0],"3":[0,0]}}
,"/Users/justgoscha/dev/blank-page/src/index.ts": {"path":"/Users/justgoscha/dev/blank-page/src/index.ts","statementMap":{"0":{"start":{"line":1,"column":0},"end":{"line":null,"column":-1}}},"fnMap":{},"branchMap":{},"s":{"0":0},"f":{},"b":{}}
,"/Users/justgoscha/dev/blank-page/src/interaction.ts": {"path":"/Users/justgoscha/dev/blank-page/src/interaction.ts","statementMap":{"0":{"start":{"line":1,"column":0},"end":{"line":1,"column":-1}},"1":{"start":{"line":3,"column":0},"end":{"line":null,"column":-1}},"2":{"start":{"line":5,"column":18},"end":{"line":5,"column":4}},"3":{"start":{"line":6,"column":21},"end":{"line":6,"column":6}},"4":{"start":{"line":7,"column":8},"end":{"line":null,"column":-1}},"5":{"start":{"line":9,"column":6},"end":{"line":null,"column":-1}},"6":{"start":{"line":10,"column":6},"end":{"line":null,"column":-1}},"7":{"start":{"line":13,"column":10},"end":{"line":null,"column":-1}},"8":{"start":{"line":16,"column":4},"end":{"line":null,"column":-1}},"9":{"start":{"line":19,"column":18},"end":{"line":19,"column":4}},"10":{"start":{"line":20,"column":20},"end":{"line":20,"column":6}},"11":{"start":{"line":21,"column":6},"end":{"line":null,"column":-1}},"12":{"start":{"line":22,"column":8},"end":{"line":null,"column":-1}},"13":{"start":{"line":23,"column":21},"end":{"line":23,"column":10}},"14":{"start":{"line":24,"column":10},"end":{"line":null,"column":-1}},"15":{"start":{"line":28,"column":4},"end":{"line":null,"column":-1}}},"fnMap":{"0":{"name":"(anonymous_0)","decl":{"start":{"line":4,"column":12},"end":{"line":4,"column":12}},"loc":{"start":{"line":4,"column":20},"end":{"line":3,"column":15}}},"1":{"name":"(anonymous_1)","decl":{"start":{"line":5,"column":30},"end":{"line":5,"column":38}},"loc":{"start":{"line":5,"column":54},"end":{"line":5,"column":18}}},"2":{"name":"(anonymous_2)","decl":{"start":{"line":6,"column":21},"end":{"line":6,"column":20}},"loc":{"start":{"line":6,"column":21},"end":{"line":6,"column":6}}},"3":{"name":"(anonymous_3)","decl":{"start":{"line":12,"column":13},"end":{"line":12,"column":21}},"loc":{"start":{"line":12,"column":25},"end":{"line":10,"column":6}}},"4":{"name":"(anonymous_4)","decl":{"start":{"line":18,"column":13},"end":{"line":18,"column":13}},"loc":{"start":{"line":18,"column":21},"end":{"line":29,"column":3}}},"5":{"name":"(anonymous_5)","decl":{"start":{"line":19,"column":30},"end":{"line":19,"column":38}},"loc":{"start":{"line":19,"column":54},"end":{"line":19,"column":18}}},"6":{"name":"(anonymous_6)","decl":{"start":{"line":21,"column":34},"end":{"line":21,"column":42}},"loc":{"start":{"line":21,"column":54},"end":{"line":21,"column":6}}},"7":{"name":"(anonymous_7)","decl":{"start":{"line":22,"column":41},"end":{"line":22,"column":40}},"loc":{"start":{"line":22,"column":41},"end":{"line":22,"column":8}}}},"branchMap":{},"s":{"0":0,"1":0,"2":0,"3":0,"4":0,"5":0,"6":0,"7":0,"8":0,"9":0,"10":0,"11":0,"12":0,"13":0,"14":0,"15":0},"f":{"0":0,"1":0,"2":0,"3":0,"4":0,"5":0,"6":0,"7":0},"b":{}}
,"/Users/justgoscha/dev/blank-page/src/paper.ts": {"path":"/Users/justgoscha/dev/blank-page/src/paper.ts","statementMap":{"0":{"start":{"line":4,"column":2},"end":{"line":20,"column":3}},"1":{"start":{"line":5,"column":4},"end":{"line":null,"column":-1}},"2":{"start":{"line":6,"column":9},"end":{"line":20,"column":3}},"3":{"start":{"line":7,"column":4},"end":{"line":11,"column":5}},"4":{"start":{"line":8,"column":6},"end":{"line":null,"column":-1}},"5":{"start":{"line":10,"column":6},"end":{"line":null,"column":-1}},"6":{"start":{"line":12,"column":9},"end":{"line":20,"column":3}},"7":{"start":{"line":13,"column":4},"end":{"line":null,"column":-1}},"8":{"start":{"line":14,"column":4},"end":{"line":15,"column":6}},"9":{"start":{"line":15,"column":6},"end":{"line":null,"column":-1}},"10":{"start":{"line":17,"column":4},"end":{"line":null,"column":-1}},"11":{"start":{"line":22,"column":2},"end":{"line":null,"column":-1}},"12":{"start":{"line":27,"column":14},"end":{"line":27,"column":2}},"13":{"start":{"line":28,"column":14},"end":{"line":28,"column":2}},"14":{"start":{"line":29,"column":2},"end":{"line":null,"column":-1}},"15":{"start":{"line":30,"column":2},"end":{"line":null,"column":-1}},"16":{"start":{"line":31,"column":2},"end":{"line":null,"column":-1}},"17":{"start":{"line":32,"column":2},"end":{"line":null,"column":-1}},"18":{"start":{"line":33,"column":2},"end":{"line":null,"column":-1}},"19":{"start":{"line":41,"column":0},"end":{"line":null,"column":-1}},"20":{"start":{"line":42,"column":10},"end":{"line":42,"column":2}},"21":{"start":{"line":43,"column":2},"end":{"line":null,"column":-1}},"22":{"start":{"line":44,"column":2},"end":{"line":null,"column":-1}},"23":{"start":{"line":45,"column":2},"end":{"line":null,"column":-1}},"24":{"start":{"line":53,"column":0},"end":{"line":null,"column":-1}},"25":{"start":{"line":54,"column":2},"end":{"line":57,"column":3}},"26":{"start":{"line":55,"column":4},"end":{"line":null,"column":-1}},"27":{"start":{"line":56,"column":4},"end":{"line":null,"column":-1}},"28":{"start":{"line":58,"column":10},"end":{"line":58,"column":2}},"29":{"start":{"line":59,"column":2},"end":{"line":null,"column":-1}},"30":{"start":{"line":62,"column":0},"end":{"line":null,"column":-1}}},"fnMap":{"0":{"name":"Paper","decl":{"start":{"line":3,"column":9},"end":{"line":3,"column":0}},"loc":{"start":{"line":3,"column":22},"end":{"line":23,"column":1}}},"1":{"name":"initDocument","decl":{"start":{"line":25,"column":9},"end":{"line":25,"column":0}},"loc":{"start":{"line":25,"column":24},"end":{"line":34,"column":1}}},"2":{"name":"(anonymous_2)","decl":{"start":{"line":41,"column":33},"end":{"line":41,"column":41}},"loc":{"start":{"line":41,"column":51},"end":{"line":41,"column":0}}},"3":{"name":"(anonymous_3)","decl":{"start":{"line":53,"column":27},"end":{"line":53,"column":35}},"loc":{"start":{"line":53,"column":40},"end":{"line":53,"column":0}}}},"branchMap":{"0":{"loc":{"start":{"line":4,"column":2},"end":{"line":20,"column":3}},"type":"if","locations":[{"start":{"line":4,"column":2},"end":{"line":20,"column":3}},{"start":{"line":4,"column":2},"end":{"line":20,"column":3}}]},"1":{"loc":{"start":{"line":6,"column":9},"end":{"line":20,"column":3}},"type":"if","locations":[{"start":{"line":6,"column":9},"end":{"line":20,"column":3}},{"start":{"line":6,"column":9},"end":{"line":20,"column":3}}]},"2":{"loc":{"start":{"line":6,"column":13},"end":{"line":6,"column":12}},"type":"binary-expr","locations":[{"start":{"line":6,"column":13},"end":{"line":6,"column":12}},{"start":{"line":6,"column":41},"end":{"line":6,"column":9}}]},"3":{"loc":{"start":{"line":7,"column":4},"end":{"line":11,"column":5}},"type":"if","locations":[{"start":{"line":7,"column":4},"end":{"line":11,"column":5}},{"start":{"line":7,"column":4},"end":{"line":11,"column":5}}]},"4":{"loc":{"start":{"line":12,"column":9},"end":{"line":20,"column":3}},"type":"if","locations":[{"start":{"line":12,"column":9},"end":{"line":20,"column":3}},{"start":{"line":12,"column":9},"end":{"line":20,"column":3}}]},"5":{"loc":{"start":{"line":14,"column":4},"end":{"line":15,"column":6}},"type":"if","locations":[{"start":{"line":14,"column":4},"end":{"line":15,"column":6}},{"start":{"line":14,"column":4},"end":{"line":15,"column":6}}]},"6":{"loc":{"start":{"line":54,"column":2},"end":{"line":57,"column":3}},"type":"if","locations":[{"start":{"line":54,"column":2},"end":{"line":57,"column":3}},{"start":{"line":54,"column":2},"end":{"line":57,"column":3}}]}},"s":{"0":0,"1":0,"2":0,"3":0,"4":0,"5":0,"6":0,"7":0,"8":0,"9":0,"10":0,"11":0,"12":0,"13":0,"14":0,"15":0,"16":0,"17":0,"18":0,"19":0,"20":0,"21":0,"22":0,"23":0,"24":0,"25":0,"26":0,"27":0,"28":0,"29":0,"30":0},"f":{"0":0,"1":0,"2":0,"3":0},"b":{"0":[0,0],"1":[0,0],"2":[0,0],"3":[0,0],"4":[0,0],"5":[0,0],"6":[0,0]}}
,"/Users/justgoscha/dev/blank-page/src/parser.ts": {"path":"/Users/justgoscha/dev/blank-page/src/parser.ts","statementMap":{"0":{"start":{"line":21,"column":0},"end":{"line":63,"column":0}},"1":{"start":{"line":22,"column":2},"end":{"line":37,"column":3}},"2":{"start":{"line":23,"column":21},"end":{"line":23,"column":42}},"3":{"start":{"line":24,"column":30},"end":{"line":24,"column":32}},"4":{"start":{"line":26,"column":4},"end":{"line":34,"column":5}},"5":{"start":{"line":27,"column":21},"end":{"line":27,"column":32}},"6":{"start":{"line":28,"column":26},"end":{"line":28,"column":41}},"7":{"start":{"line":29,"column":6},"end":{"line":33,"column":7}},"8":{"start":{"line":30,"column":8},"end":{"line":30,"column":35}},"9":{"start":{"line":32,"column":8},"end":{"line":32,"column":78}},"10":{"start":{"line":35,"column":4},"end":{"line":35,"column":22}},"11":{"start":{"line":36,"column":4},"end":{"line":36,"column":16}},"12":{"start":{"line":39,"column":2},"end":{"line":49,"column":3}},"13":{"start":{"line":40,"column":43},"end":{"line":40,"column":45}},"14":{"start":{"line":41,"column":13},"end":{"line":41,"column":37}},"15":{"start":{"line":43,"column":4},"end":{"line":43,"column":16}},"16":{"start":{"line":44,"column":4},"end":{"line":44,"column":27}},"17":{"start":{"line":45,"column":4},"end":{"line":45,"column":46}},"18":{"start":{"line":47,"column":4},"end":{"line":47,"column":24}},"19":{"start":{"line":48,"column":4},"end":{"line":48,"column":18}},"20":{"start":{"line":51,"column":2},"end":{"line":62,"column":3}},"21":{"start":{"line":52,"column":15},"end":{"line":52,"column":35}},"22":{"start":{"line":53,"column":4},"end":{"line":53,"column":32}},"23":{"start":{"line":54,"column":13},"end":{"line":54,"column":38}},"24":{"start":{"line":56,"column":17},"end":{"line":59,"column":5}},"25":{"start":{"line":61,"column":4},"end":{"line":61,"column":17}},"26":{"start":{"line":63,"column":0},"end":{"line":63,"column":1}},"27":{"start":{"line":21,"column":13},"end":{"line":21,"column":19}},"28":{"start":{"line":66,"column":18},"end":{"line":66,"column":32}},"29":{"start":{"line":67,"column":26},"end":{"line":67,"column":34}},"30":{"start":{"line":68,"column":18},"end":{"line":68,"column":26}},"31":{"start":{"line":69,"column":19},"end":{"line":69,"column":26}},"32":{"start":{"line":70,"column":27},"end":{"line":70,"column":33}},"33":{"start":{"line":71,"column":13},"end":{"line":71,"column":20}},"34":{"start":{"line":73,"column":15},"end":{"line":73,"column":36}},"35":{"start":{"line":74,"column":19},"end":{"line":74,"column":40}},"36":{"start":{"line":75,"column":16},"end":{"line":75,"column":35}},"37":{"start":{"line":76,"column":20},"end":{"line":76,"column":33}},"38":{"start":{"line":78,"column":23},"end":{"line":78,"column":38}},"39":{"start":{"line":79,"column":18},"end":{"line":79,"column":41}},"40":{"start":{"line":82,"column":2},"end":{"line":85,"column":3}},"41":{"start":{"line":84,"column":4},"end":{"line":84,"column":41}},"42":{"start":{"line":86,"column":2},"end":{"line":86,"column":13}},"43":{"start":{"line":90,"column":16},"end":{"line":90,"column":44}},"44":{"start":{"line":91,"column":2},"end":{"line":92,"column":29}},"45":{"start":{"line":91,"column":15},"end":{"line":91,"column":54}},"46":{"start":{"line":92,"column":7},"end":{"line":92,"column":29}},"47":{"start":{"line":93,"column":2},"end":{"line":93,"column":24}},"48":{"start":{"line":97,"column":19},"end":{"line":97,"column":44}},"49":{"start":{"line":98,"column":2},"end":{"line":100,"column":4}},"50":{"start":{"line":99,"column":4},"end":{"line":99,"column":30}},"51":{"start":{"line":101,"column":28},"end":{"line":105,"column":4}},"52":{"start":{"line":102,"column":13},"end":{"line":102,"column":34}},"53":{"start":{"line":103,"column":4},"end":{"line":103,"column":73}},"54":{"start":{"line":104,"column":4},"end":{"line":104,"column":13}},"55":{"start":{"line":106,"column":2},"end":{"line":106,"column":26}},"56":{"start":{"line":113,"column":2},"end":{"line":113,"column":41}},"57":{"start":{"line":114,"column":2},"end":{"line":114,"column":43}},"58":{"start":{"line":115,"column":2},"end":{"line":115,"column":13}},"59":{"start":{"line":119,"column":2},"end":{"line":119,"column":39}},"60":{"start":{"line":123,"column":16},"end":{"line":123,"column":41}},"61":{"start":{"line":124,"column":2},"end":{"line":124,"column":26}},"62":{"start":{"line":124,"column":14},"end":{"line":124,"column":26}},"63":{"start":{"line":125,"column":13},"end":{"line":125,"column":21}},"64":{"start":{"line":127,"column":21},"end":{"line":127,"column":66}},"65":{"start":{"line":128,"column":16},"end":{"line":128,"column":49}},"66":{"start":{"line":129,"column":2},"end":{"line":129,"column":33}},"67":{"start":{"line":129,"column":21},"end":{"line":129,"column":33}},"68":{"start":{"line":130,"column":2},"end":{"line":130,"column":59}},"69":{"start":{"line":133,"column":2},"end":{"line":133,"column":40}},"70":{"start":{"line":134,"column":2},"end":{"line":134,"column":13}},"71":{"start":{"line":137,"column":13},"end":{"line":137,"column":34}},"72":{"start":{"line":138,"column":0},"end":{"line":138,"column":21}}},"fnMap":{"0":{"name":"(anonymous_0)","decl":{"start":{"line":21,"column":0},"end":{"line":null,"column":-1}},"loc":{"start":{"line":21,"column":0},"end":{"line":21,"column":-1}}},"1":{"name":"(anonymous_2)","decl":{"start":{"line":22,"column":2},"end":{"line":22,"column":7}},"loc":{"start":{"line":22,"column":20},"end":{"line":37,"column":3}}},"2":{"name":"(anonymous_3)","decl":{"start":{"line":39,"column":2},"end":{"line":39,"column":9}},"loc":{"start":{"line":39,"column":22},"end":{"line":49,"column":3}}},"3":{"name":"(anonymous_4)","decl":{"start":{"line":51,"column":2},"end":{"line":51,"column":6}},"loc":{"start":{"line":51,"column":11},"end":{"line":62,"column":3}}},"4":{"name":"trimSpace","decl":{"start":{"line":81,"column":9},"end":{"line":81,"column":18}},"loc":{"start":{"line":81,"column":23},"end":{"line":87,"column":1}}},"5":{"name":"trimNewlineOrSpace","decl":{"start":{"line":89,"column":9},"end":{"line":89,"column":27}},"loc":{"start":{"line":89,"column":32},"end":{"line":94,"column":1}}},"6":{"name":"splitParagraphs","decl":{"start":{"line":96,"column":9},"end":{"line":96,"column":24}},"loc":{"start":{"line":96,"column":37},"end":{"line":107,"column":1}}},"7":{"name":"(anonymous_8)","decl":{"start":{"line":98,"column":33},"end":{"line":98,"column":41}},"loc":{"start":{"line":98,"column":43},"end":{"line":100,"column":3}}},"8":{"name":"(anonymous_9)","decl":{"start":{"line":101,"column":43},"end":{"line":101,"column":51}},"loc":{"start":{"line":101,"column":61},"end":{"line":105,"column":3}}},"9":{"name":"parseFontStyle","decl":{"start":{"line":109,"column":9},"end":{"line":109,"column":23}},"loc":{"start":{"line":109,"column":28},"end":{"line":116,"column":1}}},"10":{"name":"parseLineBreaks","decl":{"start":{"line":118,"column":9},"end":{"line":118,"column":24}},"loc":{"start":{"line":118,"column":29},"end":{"line":120,"column":1}}},"11":{"name":"parseMultipleChoice","decl":{"start":{"line":122,"column":9},"end":{"line":122,"column":28}},"loc":{"start":{"line":122,"column":41},"end":{"line":135,"column":1}}}},"branchMap":{"0":{"loc":{"start":{"line":29,"column":6},"end":{"line":33,"column":7}},"type":"if","locations":[{"start":{"line":29,"column":6},"end":{"line":33,"column":7}},{"start":{"line":29,"column":6},"end":{"line":33,"column":7}}]},"1":{"loc":{"start":{"line":57,"column":12},"end":{"line":57,"column":14}},"type":"binary-expr","locations":[{"start":{"line":57,"column":12},"end":{"line":57,"column":14}},{"start":{"line":57,"column":18},"end":{"line":57,"column":22}}]},"2":{"loc":{"start":{"line":82,"column":2},"end":{"line":85,"column":3}},"type":"if","locations":[{"start":{"line":82,"column":2},"end":{"line":85,"column":3}},{"start":{"line":82,"column":2},"end":{"line":85,"column":3}}]},"3":{"loc":{"start":{"line":91,"column":2},"end":{"line":92,"column":29}},"type":"if","locations":[{"start":{"line":91,"column":2},"end":{"line":92,"column":29}},{"start":{"line":91,"column":2},"end":{"line":92,"column":29}}]},"4":{"loc":{"start":{"line":124,"column":2},"end":{"line":124,"column":26}},"type":"if","locations":[{"start":{"line":124,"column":2},"end":{"line":124,"column":26}},{"start":{"line":124,"column":2},"end":{"line":124,"column":26}}]},"5":{"loc":{"start":{"line":129,"column":2},"end":{"line":129,"column":33}},"type":"if","locations":[{"start":{"line":129,"column":2},"end":{"line":129,"column":33}},{"start":{"line":129,"column":2},"end":{"line":129,"column":33}}]}},"s":{"0":1,"1":1,"2":1,"3":1,"4":1,"5":2,"6":2,"7":2,"8":2,"9":0,"10":1,"11":1,"12":1,"13":2,"14":2,"15":2,"16":2,"17":2,"18":2,"19":2,"20":1,"21":1,"22":1,"23":1,"24":1,"25":1,"26":1,"27":1,"28":1,"29":1,"30":1,"31":1,"32":1,"33":1,"34":1,"35":1,"36":1,"37":1,"38":1,"39":1,"40":1,"41":1,"42":1,"43":2,"44":2,"45":1,"46":1,"47":2,"48":2,"49":2,"50":4,"51":2,"52":3,"53":3,"54":3,"55":2,"56":1,"57":1,"58":1,"59":1,"60":1,"61":1,"62":0,"63":1,"64":1,"65":1,"66":1,"67":0,"68":1,"69":1,"70":1,"71":1,"72":1},"f":{"0":2,"1":1,"2":2,"3":1,"4":1,"5":2,"6":2,"7":4,"8":3,"9":1,"10":1,"11":1},"b":{"0":[2,0],"1":[1,0],"2":[1,0],"3":[1,1],"4":[0,1],"5":[0,1]}}
,"/Users/justgoscha/dev/blank-page/src/storyteller.ts": {"path":"/Users/justgoscha/dev/blank-page/src/storyteller.ts","statementMap":{"0":{"start":{"line":1,"column":0},"end":{"line":1,"column":-1}},"1":{"start":{"line":2,"column":0},"end":{"line":2,"column":-1}},"2":{"start":{"line":3,"column":0},"end":{"line":3,"column":-1}},"3":{"start":{"line":7,"column":18},"end":{"line":7,"column":0}},"4":{"start":{"line":8,"column":21},"end":{"line":8,"column":0}},"5":{"start":{"line":12,"column":0},"end":{"line":null,"column":-1}},"6":{"start":{"line":14,"column":2},"end":{"line":null,"column":-1}},"7":{"start":{"line":15,"column":2},"end":{"line":null,"column":-1}},"8":{"start":{"line":18,"column":2},"end":{"line":null,"column":-1}},"9":{"start":{"line":27,"column":23},"end":{"line":27,"column":2}},"10":{"start":{"line":28,"column":28},"end":{"line":28,"column":2}},"11":{"start":{"line":29,"column":2},"end":{"line":null,"column":-1}},"12":{"start":{"line":37,"column":2},"end":{"line":37,"column":12}},"13":{"start":{"line":37,"column":12},"end":{"line":null,"column":-1}},"14":{"start":{"line":40,"column":13},"end":{"line":40,"column":2}},"15":{"start":{"line":42,"column":2},"end":{"line":46,"column":3}},"16":{"start":{"line":43,"column":4},"end":{"line":null,"column":-1}},"17":{"start":{"line":45,"column":4},"end":{"line":null,"column":-1}},"18":{"start":{"line":48,"column":2},"end":{"line":65,"column":3}},"19":{"start":{"line":50,"column":25},"end":{"line":50,"column":4}},"20":{"start":{"line":53,"column":4},"end":{"line":null,"column":-1}},"21":{"start":{"line":54,"column":6},"end":{"line":null,"column":-1}},"22":{"start":{"line":55,"column":6},"end":{"line":null,"column":-1}},"23":{"start":{"line":59,"column":6},"end":{"line":58,"column":4}},"24":{"start":{"line":61,"column":4},"end":{"line":64,"column":5}},"25":{"start":{"line":62,"column":6},"end":{"line":null,"column":-1}},"26":{"start":{"line":63,"column":6},"end":{"line":null,"column":-1}},"27":{"start":{"line":72,"column":2},"end":{"line":null,"column":-1}},"28":{"start":{"line":73,"column":2},"end":{"line":78,"column":3}},"29":{"start":{"line":74,"column":4},"end":{"line":null,"column":-1}},"30":{"start":{"line":76,"column":4},"end":{"line":null,"column":-1}},"31":{"start":{"line":77,"column":4},"end":{"line":null,"column":-1}},"32":{"start":{"line":85,"column":2},"end":{"line":null,"column":-1}},"33":{"start":{"line":86,"column":2},"end":{"line":86,"column":50}},"34":{"start":{"line":86,"column":50},"end":{"line":null,"column":-1}},"35":{"start":{"line":88,"column":2},"end":{"line":null,"column":-1}},"36":{"start":{"line":95,"column":2},"end":{"line":null,"column":-1}},"37":{"start":{"line":96,"column":2},"end":{"line":103,"column":3}},"38":{"start":{"line":97,"column":4},"end":{"line":null,"column":-1}},"39":{"start":{"line":98,"column":4},"end":{"line":null,"column":-1}},"40":{"start":{"line":102,"column":4},"end":{"line":null,"column":-1}},"41":{"start":{"line":107,"column":13},"end":{"line":107,"column":2}},"42":{"start":{"line":108,"column":2},"end":{"line":null,"column":-1}},"43":{"start":{"line":109,"column":2},"end":{"line":null,"column":-1}},"44":{"start":{"line":110,"column":2},"end":{"line":null,"column":-1}},"45":{"start":{"line":111,"column":2},"end":{"line":null,"column":-1}},"46":{"start":{"line":114,"column":18},"end":{"line":114,"column":0}},"47":{"start":{"line":115,"column":0},"end":{"line":null,"column":-1}}},"fnMap":{"0":{"name":"Storyteller","decl":{"start":{"line":5,"column":9},"end":{"line":5,"column":0}},"loc":{"start":{"line":5,"column":20},"end":{"line":5,"column":25}}},"1":{"name":"(anonymous_1)","decl":{"start":{"line":12,"column":30},"end":{"line":12,"column":38}},"loc":{"start":{"line":12,"column":53},"end":{"line":12,"column":0}}},"2":{"name":"noNewline","decl":{"start":{"line":26,"column":9},"end":{"line":26,"column":0}},"loc":{"start":{"line":26,"column":32},"end":{"line":31,"column":1}}},"3":{"name":"tellPart","decl":{"start":{"line":36,"column":9},"end":{"line":36,"column":0}},"loc":{"start":{"line":36,"column":31},"end":{"line":66,"column":1}}},"4":{"name":"(anonymous_4)","decl":{"start":{"line":53,"column":49},"end":{"line":53,"column":57}},"loc":{"start":{"line":53,"column":64},"end":{"line":53,"column":4}}},"5":{"name":"forEveryPart","decl":{"start":{"line":71,"column":9},"end":{"line":71,"column":0}},"loc":{"start":{"line":71,"column":21},"end":{"line":79,"column":1}}},"6":{"name":"forEveryParagraph","decl":{"start":{"line":84,"column":9},"end":{"line":84,"column":0}},"loc":{"start":{"line":84,"column":26},"end":{"line":89,"column":1}}},"7":{"name":"tellSection","decl":{"start":{"line":94,"column":9},"end":{"line":94,"column":0}},"loc":{"start":{"line":94,"column":23},"end":{"line":104,"column":1}}},"8":{"name":"createMoreIndication","decl":{"start":{"line":106,"column":9},"end":{"line":106,"column":0}},"loc":{"start":{"line":106,"column":31},"end":{"line":112,"column":1}}}},"branchMap":{"0":{"loc":{"start":{"line":29,"column":11},"end":{"line":29,"column":28}},"type":"binary-expr","locations":[{"start":{"line":29,"column":11},"end":{"line":29,"column":28}},{"start":{"line":29,"column":29},"end":{"line":29,"column":9}}]},"1":{"loc":{"start":{"line":37,"column":2},"end":{"line":37,"column":12}},"type":"if","locations":[{"start":{"line":37,"column":2},"end":{"line":37,"column":12}},{"start":{"line":37,"column":2},"end":{"line":37,"column":12}}]},"2":{"loc":{"start":{"line":42,"column":2},"end":{"line":46,"column":3}},"type":"if","locations":[{"start":{"line":42,"column":2},"end":{"line":46,"column":3}},{"start":{"line":42,"column":2},"end":{"line":46,"column":3}}]},"3":{"loc":{"start":{"line":48,"column":2},"end":{"line":65,"column":3}},"type":"if","locations":[{"start":{"line":48,"column":2},"end":{"line":65,"column":3}},{"start":{"line":48,"column":2},"end":{"line":65,"column":3}}]},"4":{"loc":{"start":{"line":59,"column":6},"end":{"line":59,"column":5}},"type":"binary-expr","locations":[{"start":{"line":59,"column":6},"end":{"line":59,"column":5}},{"start":{"line":60,"column":6},"end":{"line":58,"column":4}}]},"5":{"loc":{"start":{"line":61,"column":4},"end":{"line":64,"column":5}},"type":"if","locations":[{"start":{"line":61,"column":4},"end":{"line":64,"column":5}},{"start":{"line":61,"column":4},"end":{"line":64,"column":5}}]},"6":{"loc":{"start":{"line":73,"column":2},"end":{"line":78,"column":3}},"type":"if","locations":[{"start":{"line":73,"column":2},"end":{"line":78,"column":3}},{"start":{"line":73,"column":2},"end":{"line":78,"column":3}}]},"7":{"loc":{"start":{"line":86,"column":2},"end":{"line":86,"column":50}},"type":"if","locations":[{"start":{"line":86,"column":2},"end":{"line":86,"column":50}},{"start":{"line":86,"column":2},"end":{"line":86,"column":50}}]},"8":{"loc":{"start":{"line":96,"column":2},"end":{"line":103,"column":3}},"type":"if","locations":[{"start":{"line":96,"column":2},"end":{"line":103,"column":3}},{"start":{"line":96,"column":2},"end":{"line":103,"column":3}}]}},"s":{"0":0,"1":0,"2":0,"3":0,"4":0,"5":0,"6":0,"7":0,"8":0,"9":0,"10":0,"11":0,"12":0,"13":0,"14":0,"15":0,"16":0,"17":0,"18":0,"19":0,"20":0,"21":0,"22":0,"23":0,"24":0,"25":0,"26":0,"27":0,"28":0,"29":0,"30":0,"31":0,"32":0,"33":0,"34":0,"35":0,"36":0,"37":0,"38":0,"39":0,"40":0,"41":0,"42":0,"43":0,"44":0,"45":0,"46":0,"47":0},"f":{"0":0,"1":0,"2":0,"3":0,"4":0,"5":0,"6":0,"7":0,"8":0},"b":{"0":[0,0],"1":[0,0],"2":[0,0],"3":[0,0],"4":[0,0],"5":[0,0],"6":[0,0],"7":[0,0],"8":[0,0]}}
}
