TN:
SF:/Users/justgoscha/dev/blank-page/src/Blank.ts
FN:6,(anonymous_0)
FN:12,(anonymous_1)
FN:13,Blank
FN:18,(anonymous_3)
FN:30,(anonymous_4)
FN:31,(anonymous_5)
FN:38,(anonymous_6)
FNF:7
FNH:0
FNDA:0,(anonymous_0)
FNDA:0,(anonymous_1)
FNDA:0,Blank
FNDA:0,(anonymous_3)
FNDA:0,(anonymous_4)
FNDA:0,(anonymous_5)
FNDA:0,(anonymous_6)
DA:1,0
DA:2,0
DA:3,0
DA:5,0
DA:6,0
DA:7,0
DA:12,0
DA:13,0
DA:14,0
DA:15,0
DA:16,0
DA:20,0
DA:21,0
DA:22,0
DA:27,0
DA:30,0
DA:31,0
DA:32,0
DA:34,0
DA:36,0
DA:38,0
DA:39,0
DA:40,0
DA:44,0
DA:45,0
LF:25
LH:0
BRDA:34,0,0,0
BRDA:34,0,1,0
BRF:2
BRH:0
end_of_record
TN:
SF:/Users/justgoscha/dev/blank-page/src/ajax.ts
FN:9,ajax
FN:17,(anonymous_1)
FNF:2
FNH:0
FNDA:0,ajax
FNDA:0,(anonymous_1)
DA:10,0
DA:11,0
DA:14,0
DA:15,0
DA:16,0
DA:17,0
DA:18,0
DA:20,0
DA:22,0
DA:26,0
LF:10
LH:0
BRDA:11,0,0,0
BRDA:11,0,1,0
BRDA:14,1,0,0
BRDA:14,1,1,0
BRDA:18,2,0,0
BRDA:18,2,1,0
BRDA:18,2,2,0
BRDA:22,3,0,0
BRDA:22,3,1,0
BRF:9
BRH:0
end_of_record
TN:
SF:/Users/justgoscha/dev/blank-page/src/index.ts
FNF:0
FNH:0
DA:1,0
LF:1
LH:0
BRF:0
BRH:0
end_of_record
TN:
SF:/Users/justgoscha/dev/blank-page/src/interaction.ts
FN:4,(anonymous_0)
FN:5,(anonymous_1)
FN:6,(anonymous_2)
FN:12,(anonymous_3)
FN:18,(anonymous_4)
FN:19,(anonymous_5)
FN:21,(anonymous_6)
FN:22,(anonymous_7)
FNF:8
FNH:0
FNDA:0,(anonymous_0)
FNDA:0,(anonymous_1)
FNDA:0,(anonymous_2)
FNDA:0,(anonymous_3)
FNDA:0,(anonymous_4)
FNDA:0,(anonymous_5)
FNDA:0,(anonymous_6)
FNDA:0,(anonymous_7)
DA:1,0
DA:3,0
DA:5,0
DA:6,0
DA:7,0
DA:9,0
DA:10,0
DA:13,0
DA:16,0
DA:19,0
DA:20,0
DA:21,0
DA:22,0
DA:23,0
DA:24,0
DA:28,0
LF:16
LH:0
BRF:0
BRH:0
end_of_record
TN:
SF:/Users/justgoscha/dev/blank-page/src/paper.ts
FN:3,Paper
FN:25,initDocument
FN:41,(anonymous_2)
FN:53,(anonymous_3)
FNF:4
FNH:0
FNDA:0,Paper
FNDA:0,initDocument
FNDA:0,(anonymous_2)
FNDA:0,(anonymous_3)
DA:4,0
DA:5,0
DA:6,0
DA:7,0
DA:8,0
DA:10,0
DA:12,0
DA:13,0
DA:14,0
DA:15,0
DA:17,0
DA:22,0
DA:27,0
DA:28,0
DA:29,0
DA:30,0
DA:31,0
DA:32,0
DA:33,0
DA:41,0
DA:42,0
DA:43,0
DA:44,0
DA:45,0
DA:53,0
DA:54,0
DA:55,0
DA:56,0
DA:58,0
DA:59,0
DA:62,0
LF:31
LH:0
BRDA:4,0,0,0
BRDA:4,0,1,0
BRDA:6,1,0,0
BRDA:6,1,1,0
BRDA:6,2,0,0
BRDA:6,2,1,0
BRDA:7,3,0,0
BRDA:7,3,1,0
BRDA:12,4,0,0
BRDA:12,4,1,0
BRDA:14,5,0,0
BRDA:14,5,1,0
BRDA:54,6,0,0
BRDA:54,6,1,0
BRF:14
BRH:0
end_of_record
TN:
SF:/Users/justgoscha/dev/blank-page/src/parser.ts
FN:21,(anonymous_0)
FN:22,(anonymous_2)
FN:39,(anonymous_3)
FN:51,(anonymous_4)
FN:81,trimSpace
FN:89,trimNewlineOrSpace
FN:96,splitParagraphs
FN:98,(anonymous_8)
FN:101,(anonymous_9)
FN:109,parseFontStyle
FN:118,parseLineBreaks
FN:122,parseMultipleChoice
FNF:12
FNH:12
FNDA:2,(anonymous_0)
FNDA:1,(anonymous_2)
FNDA:2,(anonymous_3)
FNDA:1,(anonymous_4)
FNDA:1,trimSpace
FNDA:2,trimNewlineOrSpace
FNDA:2,splitParagraphs
FNDA:4,(anonymous_8)
FNDA:3,(anonymous_9)
FNDA:1,parseFontStyle
FNDA:1,parseLineBreaks
FNDA:1,parseMultipleChoice
DA:21,1
DA:22,1
DA:23,1
DA:24,1
DA:26,1
DA:27,2
DA:28,2
DA:29,2
DA:30,2
DA:32,0
DA:35,1
DA:36,1
DA:39,1
DA:40,2
DA:41,2
DA:43,2
DA:44,2
DA:45,2
DA:47,2
DA:48,2
DA:51,1
DA:52,1
DA:53,1
DA:54,1
DA:56,1
DA:61,1
DA:63,1
DA:66,1
DA:67,1
DA:68,1
DA:69,1
DA:70,1
DA:71,1
DA:73,1
DA:74,1
DA:75,1
DA:76,1
DA:78,1
DA:79,1
DA:82,1
DA:84,1
DA:86,1
DA:90,2
DA:91,2
DA:92,1
DA:93,2
DA:97,2
DA:98,2
DA:99,4
DA:101,2
DA:102,3
DA:103,3
DA:104,3
DA:106,2
DA:113,1
DA:114,1
DA:115,1
DA:119,1
DA:123,1
DA:124,1
DA:125,1
DA:127,1
DA:128,1
DA:129,1
DA:130,1
DA:133,1
DA:134,1
DA:137,1
DA:138,1
LF:69
LH:68
BRDA:29,0,0,2
BRDA:29,0,1,0
BRDA:57,1,0,1
BRDA:57,1,1,0
BRDA:82,2,0,1
BRDA:82,2,1,0
BRDA:91,3,0,1
BRDA:91,3,1,1
BRDA:124,4,0,0
BRDA:124,4,1,1
BRDA:129,5,0,0
BRDA:129,5,1,1
BRF:12
BRH:7
end_of_record
TN:
SF:/Users/justgoscha/dev/blank-page/src/storyteller.ts
FN:5,Storyteller
FN:12,(anonymous_1)
FN:26,noNewline
FN:36,tellPart
FN:53,(anonymous_4)
FN:71,forEveryPart
FN:84,forEveryParagraph
FN:94,tellSection
FN:106,createMoreIndication
FNF:9
FNH:0
FNDA:0,Storyteller
FNDA:0,(anonymous_1)
FNDA:0,noNewline
FNDA:0,tellPart
FNDA:0,(anonymous_4)
FNDA:0,forEveryPart
FNDA:0,forEveryParagraph
FNDA:0,tellSection
FNDA:0,createMoreIndication
DA:1,0
DA:2,0
DA:3,0
DA:7,0
DA:8,0
DA:12,0
DA:14,0
DA:15,0
DA:18,0
DA:27,0
DA:28,0
DA:29,0
DA:37,0
DA:40,0
DA:42,0
DA:43,0
DA:45,0
DA:48,0
DA:50,0
DA:53,0
DA:54,0
DA:55,0
DA:59,0
DA:61,0
DA:62,0
DA:63,0
DA:72,0
DA:73,0
DA:74,0
DA:76,0
DA:77,0
DA:85,0
DA:86,0
DA:88,0
DA:95,0
DA:96,0
DA:97,0
DA:98,0
DA:102,0
DA:107,0
DA:108,0
DA:109,0
DA:110,0
DA:111,0
DA:114,0
DA:115,0
LF:46
LH:0
BRDA:29,0,0,0
BRDA:29,0,1,0
BRDA:37,1,0,0
BRDA:37,1,1,0
BRDA:42,2,0,0
BRDA:42,2,1,0
BRDA:48,3,0,0
BRDA:48,3,1,0
BRDA:59,4,0,0
BRDA:59,4,1,0
BRDA:61,5,0,0
BRDA:61,5,1,0
BRDA:73,6,0,0
BRDA:73,6,1,0
BRDA:86,7,0,0
BRDA:86,7,1,0
BRDA:96,8,0,0
BRDA:96,8,1,0
BRF:18
BRH:0
end_of_record
